0 info it worked if it ends with ok
1 verbose cli [ 'C:\\Program Files\\nodejs\\node.exe',
1 verbose cli   'C:\\Program Files\\nodejs\\node_modules\\npm\\bin\\npm-cli.js',
1 verbose cli   'run-script',
1 verbose cli   'dev' ]
2 info using npm@4.1.2
3 info using node@v7.5.0
4 verbose run-script [ 'predev', 'dev', 'postdev' ]
5 info lifecycle webpack2@1.0.0~predev: webpack2@1.0.0
6 silly lifecycle webpack2@1.0.0~predev: no script for predev, continuing
7 info lifecycle webpack2@1.0.0~dev: webpack2@1.0.0
8 verbose lifecycle webpack2@1.0.0~dev: unsafe-perm in lifecycle true
9 verbose lifecycle webpack2@1.0.0~dev: PATH: C:\Program Files\nodejs\node_modules\npm\bin\node-gyp-bin;E:\git\class_example\webpack\webpack2\node_modules\.bin;C:\ProgramData\Oracle\Java\javapath;C:\Program Files (x86)\Intel\iCLS Client\;C:\Program Files\Intel\iCLS Client\;C:\Windows\system32;C:\Windows;C:\Windows\System32\Wbem;C:\Windows\System32\WindowsPowerShell\v1.0\;C:\Program Files\Intel\Intel(R) Management Engine Components\DAL;C:\Program Files\Intel\Intel(R) Management Engine Components\IPT;C:\Program Files (x86)\Intel\Intel(R) Management Engine Components\DAL;C:\Program Files (x86)\Intel\Intel(R) Management Engine Components\IPT;D:\Program Files\SVN\bin;C:\Program Files (x86)\NVIDIA Corporation\PhysX\Common;C:\Program Files\Intel\WiFi\bin\;C:\Program Files\Common Files\Intel\WirelessCommon\;C:\Program Files\Git\cmd;C:\Program Files\nodejs\;D:\Program Files\python3.5.0\Scripts\;D:\Program Files\python3.5.0\;C:\Program Files\Intel\WiFi\bin\;C:\Program Files\Common Files\Intel\WirelessCommon\;D:\Program Files\Git\bin;C;\Users\王允\AppData\Local\atom\bin;:\Program Files\Docker Toolbox;C;\Program Files (x86)\nodejs;d:\Program Files\Docker Toolbox;C:\Users\王允\AppData\Roaming\npm;C:\Users\王允\AppData\Local\atom\bin
10 verbose lifecycle webpack2@1.0.0~dev: CWD: E:\git\class_example\webpack\webpack2
11 silly lifecycle webpack2@1.0.0~dev: Args: [ '/d /s /c', 'node build/dev-server.js' ]
12 silly lifecycle webpack2@1.0.0~dev: Returned: code: 1  signal: null
13 info lifecycle webpack2@1.0.0~dev: Failed to exec dev script
14 verbose stack Error: webpack2@1.0.0 dev: `node build/dev-server.js`
14 verbose stack Exit status 1
14 verbose stack     at EventEmitter.<anonymous> (C:\Program Files\nodejs\node_modules\npm\lib\utils\lifecycle.js:279:16)
14 verbose stack     at emitTwo (events.js:106:13)
14 verbose stack     at EventEmitter.emit (events.js:192:7)
14 verbose stack     at ChildProcess.<anonymous> (C:\Program Files\nodejs\node_modules\npm\lib\utils\spawn.js:40:14)
14 verbose stack     at emitTwo (events.js:106:13)
14 verbose stack     at ChildProcess.emit (events.js:192:7)
14 verbose stack     at maybeClose (internal/child_process.js:890:16)
14 verbose stack     at Process.ChildProcess._handle.onexit (internal/child_process.js:226:5)
15 verbose pkgid webpack2@1.0.0
16 verbose cwd E:\git\class_example\webpack\webpack2
17 error Windows_NT 6.3.9600
18 error argv "C:\\Program Files\\nodejs\\node.exe" "C:\\Program Files\\nodejs\\node_modules\\npm\\bin\\npm-cli.js" "run-script" "dev"
19 error node v7.5.0
20 error npm  v4.1.2
21 error code ELIFECYCLE
22 error webpack2@1.0.0 dev: `node build/dev-server.js`
22 error Exit status 1
23 error Failed at the webpack2@1.0.0 dev script 'node build/dev-server.js'.
23 error Make sure you have the latest version of node.js and npm installed.
23 error If you do, this is most likely a problem with the webpack2 package,
23 error not with npm itself.
23 error Tell the author that this fails on your system:
23 error     node build/dev-server.js
23 error You can get information on how to open an issue for this project with:
23 error     npm bugs webpack2
23 error Or if that isn't available, you can get their info via:
23 error     npm owner ls webpack2
23 error There is likely additional logging output above.
24 verbose exit [ 1, true ]
